2019-03-07 16:18:13.782000: ["['REG', 'dev1', 'password', 'bc:14:ef:67:ba:a7']"]
2019-03-07 16:18:38.761000: Server: ["['REG', 'dev1', 'password', 'bc:14:ef:67:ba:a7']"]
2019-03-07 16:21:10.881644: Server: ["['REG', 'dev1', 'password', 'bc:14:ef:67:ba:a7']"]
2019-03-07 16:22:33.738860: Server: ["['REG', 'dev1', 'password', 'bc:14:ef:67:ba:a7']"]
2019-03-07 16:22:49.922853: Server: ["['REG', 'dev1', 'password', 'bc:14:ef:67:ba:a7']"]
2019-03-07 16:23:42.270618: Server: ["['REG', 'dev1', 'password', 'bc:14:ef:67:ba:a7']"]
2019-03-07 16:25:04.366553: Server: ["['REG', 'dev1', 'password', 'bc:14:ef:67:ba:a7']"]
2019-03-07 16:25:55.795975: Server: ["['REG', 'dev1', 'password', 'bc:14:ef:67:ba:a7']"]
2019-03-07 16:27:28.633532: Server: ["['REG', 'dev1', 'password', 'bc:14:ef:67:ba:a7']"]
2019-03-07 16:28:24.688856: Server: ["['REG', 'dev1', 'password', 'bc:14:ef:67:ba:a7']"]
2019-03-07 16:28:46.733754: Server: ["['REG', 'dev1', 'password', 'bc:14:ef:67:ba:a7']"]
2019-03-07 16:30:57.481301: Server: ['']
2019-03-07 16:31:14.599834: Server: ["['REG', 'dev1', 'password', 'bc:14:ef:67:ba:a7']"]
2019-03-07 16:32:34.662099: Server: ["['REG', 'dev1', 'password', 'bc:14:ef:67:ba:a7']"]
2019-03-07 16:32:56.620978: Server: ["['REG', 'dev1', 'password', 'bc:14:ef:67:ba:a7']"]
2019-03-07 16:33:05.644592: Server: ["['REG', 'dev1', 'password', 'bc:14:ef:67:ba:a7']"]
2019-03-07 16:33:52.490058: Server: ["['REG', 'dev1', 'password', 'bc:14:ef:67:ba:a7']"]
2019-03-07 16:35:03.479348: Server: ['']
2019-03-07 16:35:47.001885: Server: ['ACK', '00', 'dev1', '2019-03-07 16:35:46.991883', '24eef73aafe0cba655d73f3a89e970c3']
2019-03-07 16:39:57.922301: Server: ['ACK', '00', 'dev1', '2019-03-07 16:39:57.921301', '24eef73aafe0cba655d73f3a89e970c3']
2019-03-07 16:40:06.021074: Server: ['ACK', '00', 'dev1', '2019-03-07 16:40:06.012073', '24eef73aafe0cba655d73f3a89e970c3']
2019-03-07 16:42:45.723557: Server: ['ACK', '00', 'user', '2019-03-07 16:42:45.703556', '6e6f974c5a9f146ff834455a282866f2']
2019-03-07 16:42:57.323552: Server: ['ACK', '01', 'user', '2019-03-07 16:42:57.308551', '6e6f974c5a9f146ff834455a282866f2']
2019-03-08 16:25:06.497000: TCP Socket couldn't connect to: 127.0.0.1:9999
2019-03-08 16:25:27.639000: Server: ['ACK', '00', 'dev1', '2019-03-08 16:25:27.628000', '24eef73aafe0cba655d73f3a89e970c3']
2019-03-08 16:27:52.320000: Server: ['ACK', '00', 'dev1', '2019-03-08 16:27:52.312000', '24eef73aafe0cba655d73f3a89e970c3']
2019-03-08 16:28:40.764000: Server: ['ACK', '01', 'dev1', '2019-03-08 16:28:40.754000', '24eef73aafe0cba655d73f3a89e970c3']
2019-03-08 16:30:29.151000: Server: ['ACK', '01', 'dev1', '2019-03-08 16:30:29.143000', '24eef73aafe0cba655d73f3a89e970c3']
2019-03-08 16:31:31.132000: Server: ['ACK', '01', 'dev1', '2019-03-08 16:31:31.126000', '24eef73aafe0cba655d73f3a89e970c3']
2019-03-08 16:33:43.054000: Server: ['ACK', '01', 'dev1', '2019-03-08 16:33:43.043000', '24eef73aafe0cba655d73f3a89e970c3']
2019-03-08 16:34:54.975000: Server: ['ACK', '31', 'dev1', '2019-03-08 16:34:54.965000', '3eb10fb0a4927d30c9a3d6bb88410271']
2019-03-08 16:35:06.028000: Server: ['ACK', '31', 'dev1', '2019-03-08 16:35:06.017000', '3eb10fb0a4927d30c9a3d6bb88410271']
2019-03-08 16:36:03.321000: Server: ['ACK', '00', 'dev1', '2019-03-08 16:36:03.306000', '24eef73aafe0cba655d73f3a89e970c3']
2019-03-08 16:36:07.890000: Server: ['ACK', '70', 'dev1', '2019-03-08 16:36:07.881000', '3eb10fb0a4927d30c9a3d6bb88410271']
2019-03-08 16:37:50.341000: Server: ['']
2019-03-08 16:38:08.450000: Server: ['ACK', '00', 'dev1', '2019-03-08 16:38:08.442000', '6b98f23df3eb7625ae34cc8e14acbbf7']
2019-03-08 16:39:47.070000: Server: ['ACK', '00', 'dev1', '2019-03-08 16:39:47.053000', '6b98f23df3eb7625ae34cc8e14acbbf7']
2019-03-08 16:39:56.326000: Server: ['']
2019-03-08 16:41:00.004000: Server: ['ACK', '00', 'dev1', '2019-03-08 16:40:59.988000', '6b98f23df3eb7625ae34cc8e14acbbf7']
2019-03-08 16:41:02.636000: Server: ['ACK', '70', 'dev1', '2019-03-08 16:41:02.631000', '0bcf12c06fa6f15d9534da47a24021a9']
2019-03-08 16:41:52.202000: Server: ['ACK', '01', 'dev1', '2019-03-08 16:41:52.192000', '6b98f23df3eb7625ae34cc8e14acbbf7']
2019-03-08 16:42:27.431000: Server: ['ACK', '00', 'dev1', '2019-03-08 16:42:27.419000', '6b98f23df3eb7625ae34cc8e14acbbf7']
2019-03-08 16:42:29.363000: Server: ['ACK', '70', 'dev1', '2019-03-08 16:42:29.357000', '0bcf12c06fa6f15d9534da47a24021a9']
2019-03-08 16:42:33.761000: Server: ['ACK', '20', 'dev1', '2019-03-08 16:42:33.754000', 'cdda5fe38a683702157f281b16de5a71']
2019-03-08 16:42:42.047000: Server: ['ACK', '31', 'dev1', '2019-03-08 16:42:42.037000', '0bcf12c06fa6f15d9534da47a24021a9']
2019-03-08 16:42:45.200000: Server: ['ACK', '00', 'dev1', '2019-03-08 16:42:45.192000', '6b98f23df3eb7625ae34cc8e14acbbf7']
2019-03-08 16:42:48.620000: Server: ['ACK', '70', 'dev1', '2019-03-08 16:42:48.616000', '0bcf12c06fa6f15d9534da47a24021a9']
2019-03-08 16:42:53.594000: Server: ['ACK', '80', 'dev1', '2019-03-08 16:42:53.590000', 'a3f0db55ca1db7507ce036953d7ff206']
2019-03-11 11:38:46.736594: Server: ['ACK', '00', 'dev_id', '2019-03-11 11:38:46.735594', '6ccdff475addc602428624af46b89460']
2019-03-11 11:39:09.383794: Server: ['ACK', '70', 'dev_id', '2019-03-11 11:39:09.383794', '08363ff84aa9da50932201d33c1861c6']
2019-03-11 11:39:19.592794: Server: ['ACK', '80', 'dev_id', '2019-03-11 11:39:19.583794', 'a2130bba428ed0a59e2bce7c96f36044']
2019-03-11 11:39:32.752794: Server: ['ACK', '50', 'dev_id', '2019-03-11 11:39:32.750794', '075a5fcf8d92c2bd7b2f3c43fec03e57']
2019-03-11 11:40:04.006994: Server: ['ACK', '01', 'dev_id', '2019-03-11 11:40:04.004994', '6ccdff475addc602428624af46b89460']
2019-03-11 11:40:17.186794: Server: ['ACK', '50', 'dev_id', '2019-03-11 11:40:17.171194', '5d61b4958a70eed1ae1e2b25785bb519']
2019-03-11 11:41:01.870394: ['QUE', '00', 'dev_id', '2019-03-11 11:41:01.870394']
2019-03-11 11:42:15.317794: Server: ['ACK', '00', 'dev_id', '2019-03-11 11:42:15.302194', '6ccdff475addc602428624af46b89460']
2019-03-11 11:42:23.564594: Server: ['ACK', '70', 'dev_id', '2019-03-11 11:42:23.564594', '08363ff84aa9da50932201d33c1861c6']
2019-03-11 11:42:43.118994: Server: ['ACK', '01', 'dev_id', '2019-03-11 11:42:43.118994', '6ccdff475addc602428624af46b89460']
2019-03-11 11:42:45.467794: Server: ['ACK', '70', 'dev_id', '2019-03-11 11:42:45.458794', '08363ff84aa9da50932201d33c1861c6']
2019-03-11 11:42:55.228394: Server: ['']
2019-03-11 11:44:33.003994: Server: ['ACK', '00', 'dev_id', '2019-03-11 11:44:32.997994', '6ccdff475addc602428624af46b89460']
2019-03-11 11:44:44.127394: Server: ['ACK', '20', 'dev_id', '2019-03-11 11:44:44.111794', 'b023d6292d846354f13f2c0c3ef08f36']
2019-03-11 11:44:47.700594: Server: ['ACK', '00', 'dev_id', '2019-03-11 11:44:47.684994', '6ccdff475addc602428624af46b89460']
2019-03-11 11:44:49.568994: Server: ['ACK', '70', 'dev_id', '2019-03-11 11:44:49.567994', '08363ff84aa9da50932201d33c1861c6']
2019-03-11 11:45:05.083594: Server: ['ACK', '80', 'dev_id', '2019-03-11 11:45:05.067994', 'a2130bba428ed0a59e2bce7c96f36044']
2019-03-11 11:45:17.937594: Server: ['ACK', '50', 'dev_id', '2019-03-11 11:45:17.921994', 'df47d9dc0426096f7ced5877afa7c9a0']
2019-03-11 11:48:46.641194: Server: ['ACK', '00', 'dev_id', '2019-03-11 11:48:46.633194', '6ccdff475addc602428624af46b89460']
2019-03-11 11:50:21.498194: Server: ['ACK', '00', 'dev_id', '2019-03-11 11:50:21.490194', '6ccdff475addc602428624af46b89460']
2019-03-11 11:50:32.080994: Server: ['QUE', '00', 'dev_id', '2019-03-11 11:50:32.080994']
2019-03-11 11:52:06.082594: Server: ['ACK', '00', 'dev_id', '2019-03-11 11:52:06.073594', '6ccdff475addc602428624af46b89460']
2019-03-11 11:52:15.930594: Server: ['ACK', '01', 'dev_id', '2019-03-11 11:52:15.914994', '6ccdff475addc602428624af46b89460']
2019-03-11 11:52:21.603794: Server: ['ACK', '20', 'dev_id', '2019-03-11 11:52:21.570594', 'b023d6292d846354f13f2c0c3ef08f36']
2019-03-11 11:52:26.129594: Server: ['ACK', '31', 'dev_id', '2019-03-11 11:52:26.113994', '08363ff84aa9da50932201d33c1861c6']
2019-03-11 11:52:30.642394: Server: ['ACK', '00', 'dev_id', '2019-03-11 11:52:30.636394', '6ccdff475addc602428624af46b89460']
2019-03-11 11:52:36.224794: Server: ['ACK', '70', 'dev_id', '2019-03-11 11:52:36.209194', '08363ff84aa9da50932201d33c1861c6']
2019-03-11 11:52:43.373994: Server: ['ACK', '80', 'dev_id', '2019-03-11 11:52:43.358394', 'a2130bba428ed0a59e2bce7c96f36044']
2019-03-11 11:52:54.749194: Server: ['ACK', '50', 'dev_id', '2019-03-11 11:52:54.733594', '2ff82c6ccda5335acd7d1da5aaa06320']
2019-03-11 11:54:42.778594: Server: ['ACK', '01', 'dev_id', '2019-03-11 11:54:42.778594', '6ccdff475addc602428624af46b89460']
2019-03-11 11:54:48.383994: Server: ['ACK', '50', 'dev_id', '2019-03-11 11:54:48.368394', '8127d6a2b61275d57c6961af06a7a3db']
2019-03-11 11:57:01.107794: Server: ['ACK', '00', 'dev_id', '2019-03-11 11:57:01.092194', '6ccdff475addc602428624af46b89460']
2019-03-11 11:57:18.093194: Server: ['ACK', '20', 'dev_id', '2019-03-11 11:57:18.077594', 'b023d6292d846354f13f2c0c3ef08f36']
2019-03-11 11:57:24.126794: Server: ['ACK', '00', 'dev_id', '2019-03-11 11:57:24.111194', '6ccdff475addc602428624af46b89460']
2019-03-11 11:57:26.519994: Server: ['ACK', '70', 'dev_id', '2019-03-11 11:57:26.504394', '08363ff84aa9da50932201d33c1861c6']
2019-03-11 11:57:30.842794: Server: ['ACK', '80', 'dev_id', '2019-03-11 11:57:30.833794', 'a2130bba428ed0a59e2bce7c96f36044']
2019-03-11 11:57:41.504994: Server: ['ACK', '50', 'dev_id', '2019-03-11 11:57:41.489394', '1ae40be929bb0eafc62fb560eb2d7457']
2019-03-11 11:58:40.110794: Server: ['QUE', '00', 'dev_id', '2019-03-11 11:58:40.095194']
2019-03-11 11:59:22.824394: Server: ['ACK', '00', 'dev_id', '2019-03-11 11:59:22.815394', '6ccdff475addc602428624af46b89460']
2019-03-11 11:59:30.117794: Server: ['ACK', '01', 'dev_id', '2019-03-11 11:59:30.102194', '6ccdff475addc602428624af46b89460']
2019-03-11 11:59:35.602194: Server: ['ACK', '70', 'dev_id', '2019-03-11 11:59:35.586594', '08363ff84aa9da50932201d33c1861c6']
2019-03-11 11:59:47.067794: Server: ['ACK', '80', 'dev_id', '2019-03-11 11:59:47.067794', 'a2130bba428ed0a59e2bce7c96f36044']
2019-03-11 12:00:05.999594: Server: ['ACK', '50', 'dev_id', '2019-03-11 12:00:05.983994', '26d13bdfc999244f2afc789a5c4aa57d']
2019-03-11 12:00:32.754594: Server: ['ACK', '00', 'dev_id', '2019-03-11 12:00:32.754594', '6ccdff475addc602428624af46b89460']
2019-03-11 12:00:45.803194: Server: ['ACK', '70', 'dev_id', '2019-03-11 12:00:45.787594', '08363ff84aa9da50932201d33c1861c6']
2019-03-11 12:01:47.061994: Server: ['ACK', '80', 'dev_id', '2019-03-11 12:01:47.060994', 'a2130bba428ed0a59e2bce7c96f36044']
2019-03-11 12:01:56.108394: Server: ['ACK', '50', 'dev_id', '2019-03-11 12:01:56.108394', '90490d41d11b66f6e3d0cfef35e139f6']
2019-03-11 12:02:04.442594: Server: ['ACK', '01', 'dev_id', '2019-03-11 12:02:04.426994', '6ccdff475addc602428624af46b89460']
2019-03-11 12:02:06.828594: Server: ['ACK', '20', 'dev_id', '2019-03-11 12:02:06.816594', 'b023d6292d846354f13f2c0c3ef08f36']
2019-03-11 12:02:08.359594: Server: ['ACK', '00', 'dev_id', '2019-03-11 12:02:08.352594', '6ccdff475addc602428624af46b89460']
2019-03-11 12:02:49.154994: Server: ['ACK', '01', 'dev_id', '2019-03-11 12:02:49.154994', '6ccdff475addc602428624af46b89460']
2019-03-11 12:02:53.457194: Server: ['ACK', '20', 'dev_id', '2019-03-11 12:02:53.441594', 'b023d6292d846354f13f2c0c3ef08f36']
2019-03-11 12:02:57.515394: Server: ['ACK', '00', 'dev_id', '2019-03-11 12:02:57.497394', '6ccdff475addc602428624af46b89460']
2019-03-11 12:02:59.695394: Server: ['ACK', '70', 'dev_id', '2019-03-11 12:02:59.679794', '08363ff84aa9da50932201d33c1861c6']
2019-03-11 12:03:03.969194: Server: ['ACK', '80', 'dev_id', '2019-03-11 12:03:03.953594', 'a2130bba428ed0a59e2bce7c96f36044']
2019-03-11 12:03:10.397794: Server: ['ACK', '50', 'dev_id', '2019-03-11 12:03:10.396794', 'a083b84c03159a4475bc90a1327e74a3']
2019-03-11 12:04:05.667994: Server: ['ACK', '00', 'dev_id', '2019-03-11 12:04:05.658994', '6ccdff475addc602428624af46b89460']
2019-03-11 12:04:16.292594: Server: ['QUE', '00', 'dev_id', '2019-03-11 12:04:16.276994']
2019-03-11 12:10:04.884994: Server: ['ACK', '00', 'dev_id', '2019-03-11 12:10:04.883994', '6ccdff475addc602428624af46b89460']
2019-03-11 12:10:25.557594: Server: ['ACK', '70', 'dev_id', '2019-03-11 12:10:25.541994', '08363ff84aa9da50932201d33c1861c6']
2019-03-11 12:10:36.370194: Server: ['QUE', '00', 'dev_id', '2019-03-11 12:10:36.369194']
2019-03-11 12:12:37.434394: Server: ['ACK', '00', 'dev_id', '2019-03-11 12:12:37.433394', '6ccdff475addc602428624af46b89460']
2019-03-11 12:13:18.559794: Server: ['ACK', '00', 'dev_id', '2019-03-11 12:13:18.550794', '6ccdff475addc602428624af46b89460']
2019-03-11 12:13:29.874594: Server: ['ACK', '70', 'dev_id', '2019-03-11 12:13:29.867594', '08363ff84aa9da50932201d33c1861c6']
2019-03-11 12:13:41.757194: Server: ['QUE', '00', 'dev_id', '2019-03-11 12:13:41.743194']
2019-03-11 12:14:30.256394: Server: ['QUE', '00', 'dev_id', '2019-03-11 12:14:30.256394']
2019-03-11 13:19:04.159594: TCP Socket couldn't connect to: 127.0.0.1:9999
2019-03-11 13:23:36.362194: TCP Socket couldn't connect to: 127.0.0.1:9999
2019-03-11 13:25:14.714194: TCP Socket couldn't connect to: 127.0.0.1:9999
2019-03-11 13:26:12.107394: TCP Socket couldn't connect to: 127.0.0.1:9999
2019-03-11 13:26:15.224794: TCP Socket couldn't connect to: 127.0.0.1:9999
2019-03-11 13:29:41.521394: TCP Socket couldn't connect to: 127.0.0.1:9999
2019-03-11 13:30:01.454394: TCP Socket couldn't connect to: 127.0.0.1:9999
2019-03-11 13:30:13.838594: Server: ['ACK', '00', 'dev_id', '2019-03-11 13:30:13.822994', '6ccdff475addc602428624af46b89460']
2019-03-11 13:30:24.083594: Server: ['ACK', '12', 'dev_1', '2019-03-11 13:30:24.083594', '9677b3c3019d67e1dba5f473d2f5c036']
2019-03-11 13:32:28.183194: Server: ['ACK', '00', 'dev_id', '2019-03-11 13:32:28.177194', '6ccdff475addc602428624af46b89460']
2019-03-11 13:32:33.113794: Server: ['ACK', '20', 'dev_1', '2019-03-11 13:32:33.113794', '9677b3c3019d67e1dba5f473d2f5c036']
2019-03-11 13:32:49.021794: Server: ['ACK', '00', 'dev_id', '2019-03-11 13:32:49.007794', '6ccdff475addc602428624af46b89460']
2019-03-11 13:32:50.757794: Server: ['ACK', '00', 'dev_1', '2019-03-11 13:32:50.741794', '9677b3c3019d67e1dba5f473d2f5c036']
2019-03-11 13:33:25.445794: Server: ['ACK', '00', 'dev_id', '2019-03-11 13:33:25.437794', '6ccdff475addc602428624af46b89460']
2019-03-11 13:33:30.868394: Server: ['ACK', '00', 'dev_1', '2019-03-11 13:33:30.867394', '9677b3c3019d67e1dba5f473d2f5c036']
2019-03-11 13:34:30.761994: Server: ['ACK', '51', '01', '2019-03-11 13:34:30.761994', '566408d2876be03fad12f666264e3dd8']
2019-03-11 13:41:44.959194: Server: ['ACK', '01', 'dev_id', '2019-03-11 13:41:44.959194', '6ccdff475addc602428624af46b89460']
2019-03-11 13:43:11.496594: Server: ['ACK', '01', 'dev_id', '2019-03-11 13:43:11.480994', '6ccdff475addc602428624af46b89460']
2019-03-11 13:43:32.592594: Server: ['ACK', '00', 'dev_id', '2019-03-11 13:43:32.591594', '6ccdff475addc602428624af46b89460']
2019-03-11 13:46:50.840194: Server: ['d']
2019-03-11 13:47:00.949794: Server: ['T']
2019-03-11 13:53:21.948094: Server: ['ACK', '00', 'dev_1', '2019-03-11 13:53:21.932094', '9677b3c3019d67e1dba5f473d2f5c036']
2019-03-14 14:14:08.340947: TCP Socket couldn't connect to: 127.0.0.1:9999
2019-03-14 14:14:39.048947: Server: ['\r\n']
2019-03-14 14:14:48.227947: Server: ['ACK', '00', 'dev1', '2019-03-14 14:14:48.215947', '6b98f23df3eb7625ae34cc8e14acbbf7']
2019-03-14 14:15:13.325947: Server: ['ACK', '00', 'dev1', '2019-03-14 14:15:13.317947', '6b98f23df3eb7625ae34cc8e14acbbf7']
2019-03-14 14:15:17.438947: Server: ['ACK', '20', 'dev1', '2019-03-14 14:15:17.422947', 'cdda5fe38a683702157f281b16de5a71']
2019-03-14 15:07:25.157947: Server: ['ACK', '20', 'dev1', '2019-03-14 15:07:25.148947', 'cdda5fe38a683702157f281b16de5a71']
2019-03-14 15:34:40.557947: Server: ['']
